<?xml version="1.0" encoding="UTF-8"?>
<!-- Generated by org.testng.reporters.JUnitReportReporter -->
<testsuite hostname="DESKTOP-DLC6ABM" failures="0" tests="30" name="runner.TestRunner" time="145.932" errors="0" timestamp="2024-09-25T10:46:38 PDT" skipped="0">
  <testcase classname="runner.TestRunner" name="runScenario" time="5.226"/>
  <testcase classname="runner.TestRunner" name="runScenario" time="5.051"/>
  <testcase classname="runner.TestRunner" name="runScenario" time="3.712"/>
  <testcase classname="runner.TestRunner" name="runScenario" time="4.996"/>
  <testcase classname="runner.TestRunner" name="runScenario" time="3.941"/>
  <testcase classname="runner.TestRunner" name="runScenario" time="5.154"/>
  <testcase classname="runner.TestRunner" name="runScenario" time="5.400"/>
  <testcase classname="runner.TestRunner" name="runScenario" time="5.446"/>
  <testcase classname="runner.TestRunner" name="runScenario" time="4.806"/>
  <testcase classname="runner.TestRunner" name="runScenario" time="5.322"/>
  <testcase classname="runner.TestRunner" name="runScenario" time="5.367"/>
  <testcase classname="runner.TestRunner" name="runScenario" time="5.320"/>
  <testcase classname="runner.TestRunner" name="runScenario" time="5.108"/>
  <testcase classname="runner.TestRunner" name="runScenario" time="5.379"/>
  <testcase classname="runner.TestRunner" name="runScenario" time="3.888"/>
  <testcase classname="runner.TestRunner" name="runScenario" time="3.943"/>
  <testcase classname="runner.TestRunner" name="runScenario" time="5.167"/>
  <testcase classname="runner.TestRunner" name="runScenario" time="4.272"/>
  <testcase classname="runner.TestRunner" name="runScenario" time="4.258"/>
  <testcase classname="runner.TestRunner" name="runScenario" time="4.137"/>
  <testcase classname="runner.TestRunner" name="runScenario" time="3.723"/>
  <testcase classname="runner.TestRunner" name="runScenario" time="3.984"/>
  <testcase classname="runner.TestRunner" name="runScenario" time="5.337"/>
  <testcase classname="runner.TestRunner" name="runScenario" time="4.501"/>
  <testcase classname="runner.TestRunner" name="runScenario" time="5.088"/>
  <testcase classname="runner.TestRunner" name="runScenario" time="5.521"/>
  <testcase classname="runner.TestRunner" name="runScenario" time="5.541"/>
  <testcase classname="runner.TestRunner" name="runScenario" time="5.506"/>
  <testcase classname="runner.TestRunner" name="runScenario" time="5.376"/>
  <testcase classname="runner.TestRunner" name="runScenario" time="5.462"/>
</testsuite> <!-- runner.TestRunner -->
