<?xml version="1.0" encoding="UTF-8"?>
<!-- Generated by org.testng.reporters.JUnitReportReporter -->
<testsuite hostname="DESKTOP-DLC6ABM" failures="0" tests="1" name="runner.TestRunner" time="4.374" errors="0" timestamp="2024-09-17T11:47:41 PDT" skipped="0">
  <testcase classname="runner.TestRunner" name="runScenario" time="4.374"/>
</testsuite> <!-- runner.TestRunner -->
